<?xml version="1.0" encoding="UTF-8"?>
<TestRun id="c5bf5084-8b02-415c-bada-98d081a1bc1b" name="magicleap@IASL-MAGICLEAP 2017-12-15 16:20:28" runUser="GOING\magicleap" xmlns="http://microsoft.com/schemas/VisualStudio/TeamTest/2010">
  <TestSettings name="Local" id="16c602e4-3b82-48a6-92a6-f9ba09bc456d">
    <Description>These are default test settings for a local test run.</Description>
    <Deployment enabled="false" runDeploymentRoot="magicleap_IASL-MAGICLEAP 2017-12-15 16_20_28">
      <DeploymentItem filename="C:\Users\magicleap\Desktop\PepFragmentIonGenerator 2017-12-04\PepFragmentIonGenerator\bin\Debug\PepFragmentIonGenerator.dll" />
    </Deployment>
    <Execution>
      <TestTypeSpecific />
      <AgentRule name="Execution Agents">
      </AgentRule>
    </Execution>
  </TestSettings>
  <Times creation="2017-12-15T16:20:28.8208369+08:00" queuing="2017-12-15T16:20:28.8333458+08:00" start="2017-12-15T16:20:28.8363479+08:00" finish="2017-12-15T16:20:28.9839524+08:00" />
  <ResultSummary outcome="Completed">
    <Counters total="1" executed="1" passed="1" error="0" failed="0" timeout="0" aborted="0" inconclusive="0" passedButRunAborted="0" notRunnable="0" notExecuted="0" disconnected="0" warning="0" completed="0" inProgress="0" pending="0" />
  </ResultSummary>
  <TestDefinitions>
    <UnitTest name="CheckModification" storage="c:\users\magicleap\desktop\pepfragmentiongenerator 2017-12-04\pepfragmentiongenerator\testproject1\bin\debug\testproject1.dll" id="f9a0c639-a890-d9ce-99dc-166ae0a28892">
      <Execution id="703ce088-674c-42c5-bfe0-71fefade7081" />
      <TestMethod codeBase="C:/Users/magicleap/Desktop/PepFragmentIonGenerator 2017-12-04/PepFragmentIonGenerator/TestProject1/bin/Debug/TestProject1.DLL" adapterTypeName="Microsoft.VisualStudio.TestTools.TestTypes.Unit.UnitTestAdapter, Microsoft.VisualStudio.QualityTools.Tips.UnitTest.Adapter, Version=10.0.0.0, Culture=neutral, PublicKeyToken=b03f5f7f11d50a3a" className="TestProject1.UnitTest1, TestProject1, Version=1.0.0.0, Culture=neutral, PublicKeyToken=null" name="CheckModification" />
    </UnitTest>
  </TestDefinitions>
  <TestLists>
    <TestList name="Results Not in a List" id="8c84fa94-04c1-424b-9868-57a2d4851a1d" />
    <TestList name="All Loaded Results" id="19431567-8539-422a-85d7-44ee4e166bda" />
  </TestLists>
  <TestEntries>
    <TestEntry testId="f9a0c639-a890-d9ce-99dc-166ae0a28892" executionId="703ce088-674c-42c5-bfe0-71fefade7081" testListId="8c84fa94-04c1-424b-9868-57a2d4851a1d" />
  </TestEntries>
  <Results>
    <UnitTestResult executionId="703ce088-674c-42c5-bfe0-71fefade7081" testId="f9a0c639-a890-d9ce-99dc-166ae0a28892" testName="CheckModification" computerName="IASL-MAGICLEAP" duration="00:00:00.0091999" startTime="2017-12-15T16:20:28.8383490+08:00" endTime="2017-12-15T16:20:28.9769474+08:00" testType="13cdc9d9-ddb5-4fa4-a97d-d965ccfc6d4b" outcome="Passed" testListId="8c84fa94-04c1-424b-9868-57a2d4851a1d" relativeResultsDirectory="703ce088-674c-42c5-bfe0-71fefade7081">
    </UnitTestResult>
  </Results>
</TestRun>