<?xml version="1.0" encoding="UTF-8"?>
<TestRun id="a596f505-8530-4e47-b458-394f12579e67" name="magicleap@IASL-MAGICLEAP 2017-12-14 14:48:46" runUser="GOING\magicleap" xmlns="http://microsoft.com/schemas/VisualStudio/TeamTest/2010">
  <TestSettings name="Local" id="16c602e4-3b82-48a6-92a6-f9ba09bc456d">
    <Description>These are default test settings for a local test run.</Description>
    <Deployment enabled="false" runDeploymentRoot="magicleap_IASL-MAGICLEAP 2017-12-14 14_48_46">
      <DeploymentItem filename="C:\Users\magicleap\Desktop\PepFragmentIonGenerator 2017-12-04\PepFragmentIonGenerator\bin\Debug\PepFragmentIonGenerator.dll" />
    </Deployment>
    <Execution>
      <TestTypeSpecific />
      <AgentRule name="Execution Agents">
      </AgentRule>
    </Execution>
  </TestSettings>
  <Times creation="2017-12-14T14:48:46.7335481+08:00" queuing="2017-12-14T14:48:46.8015983+08:00" start="2017-12-14T14:48:46.8116056+08:00" finish="2017-12-14T14:48:47.0197562+08:00" />
  <ResultSummary outcome="Failed">
    <Counters total="8" executed="8" passed="3" error="0" failed="5" timeout="0" aborted="0" inconclusive="0" passedButRunAborted="0" notRunnable="0" notExecuted="0" disconnected="0" warning="0" completed="0" inProgress="0" pending="0" />
  </ResultSummary>
  <TestDefinitions>
    <UnitTest name="CheckModification" storage="c:\users\magicleap\desktop\pepfragmentiongenerator 2017-12-04\pepfragmentiongenerator\testproject1\bin\debug\testproject1.dll" id="f9a0c639-a890-d9ce-99dc-166ae0a28892">
      <Execution id="e0ea3853-0ad8-4f53-85a3-2089d886e041" />
      <TestMethod codeBase="C:/Users/magicleap/Desktop/PepFragmentIonGenerator 2017-12-04/PepFragmentIonGenerator/TestProject1/bin/Debug/TestProject1.DLL" adapterTypeName="Microsoft.VisualStudio.TestTools.TestTypes.Unit.UnitTestAdapter, Microsoft.VisualStudio.QualityTools.Tips.UnitTest.Adapter, Version=10.0.0.0, Culture=neutral, PublicKeyToken=b03f5f7f11d50a3a" className="TestProject1.UnitTest1, TestProject1, Version=1.0.0.0, Culture=neutral, PublicKeyToken=null" name="CheckModification" />
    </UnitTest>
    <UnitTest name="TestGetFragmentatWithOutMod" storage="c:\users\magicleap\desktop\pepfragmentiongenerator 2017-12-04\pepfragmentiongenerator\testproject1\bin\debug\testproject1.dll" id="71ca4d67-51d6-196d-41cd-0626d29a2548">
      <Execution id="538cc683-adb5-4a6c-89b4-33005c279a11" />
      <TestMethod codeBase="C:/Users/magicleap/Desktop/PepFragmentIonGenerator 2017-12-04/PepFragmentIonGenerator/TestProject1/bin/Debug/TestProject1.DLL" adapterTypeName="Microsoft.VisualStudio.TestTools.TestTypes.Unit.UnitTestAdapter, Microsoft.VisualStudio.QualityTools.Tips.UnitTest.Adapter, Version=10.0.0.0, Culture=neutral, PublicKeyToken=b03f5f7f11d50a3a" className="TestProject1.UnitTest1, TestProject1, Version=1.0.0.0, Culture=neutral, PublicKeyToken=null" name="TestGetFragmentatWithOutMod" />
    </UnitTest>
    <UnitTest name="GetModificationLi" storage="c:\users\magicleap\desktop\pepfragmentiongenerator 2017-12-04\pepfragmentiongenerator\testproject1\bin\debug\testproject1.dll" id="c15e4676-c5ee-db06-acf3-8d37258c7a4c">
      <Execution id="3be8fe45-4fd7-42f8-b968-a3527f7bba97" />
      <TestMethod codeBase="C:/Users/magicleap/Desktop/PepFragmentIonGenerator 2017-12-04/PepFragmentIonGenerator/TestProject1/bin/Debug/TestProject1.DLL" adapterTypeName="Microsoft.VisualStudio.TestTools.TestTypes.Unit.UnitTestAdapter, Microsoft.VisualStudio.QualityTools.Tips.UnitTest.Adapter, Version=10.0.0.0, Culture=neutral, PublicKeyToken=b03f5f7f11d50a3a" className="TestProject1.UnitTest1, TestProject1, Version=1.0.0.0, Culture=neutral, PublicKeyToken=null" name="GetModificationLi" />
    </UnitTest>
    <UnitTest name="TestRegex" storage="c:\users\magicleap\desktop\pepfragmentiongenerator 2017-12-04\pepfragmentiongenerator\testproject1\bin\debug\testproject1.dll" id="766f967e-cd62-c9c3-c250-d575d5115db6">
      <Execution id="d29e9ac0-9ff2-4bdd-b0e0-89cf07017708" />
      <TestMethod codeBase="C:/Users/magicleap/Desktop/PepFragmentIonGenerator 2017-12-04/PepFragmentIonGenerator/TestProject1/bin/Debug/TestProject1.DLL" adapterTypeName="Microsoft.VisualStudio.TestTools.TestTypes.Unit.UnitTestAdapter, Microsoft.VisualStudio.QualityTools.Tips.UnitTest.Adapter, Version=10.0.0.0, Culture=neutral, PublicKeyToken=b03f5f7f11d50a3a" className="TestProject1.UnitTest1, TestProject1, Version=1.0.0.0, Culture=neutral, PublicKeyToken=null" name="TestRegex" />
    </UnitTest>
    <UnitTest name="RefractoringTextParser" storage="c:\users\magicleap\desktop\pepfragmentiongenerator 2017-12-04\pepfragmentiongenerator\testproject1\bin\debug\testproject1.dll" id="beafb084-8735-a82d-4bd9-9d531f023de9">
      <Execution id="38853b65-672b-476d-a496-2c16460aae73" />
      <TestMethod codeBase="C:/Users/magicleap/Desktop/PepFragmentIonGenerator 2017-12-04/PepFragmentIonGenerator/TestProject1/bin/Debug/TestProject1.DLL" adapterTypeName="Microsoft.VisualStudio.TestTools.TestTypes.Unit.UnitTestAdapter, Microsoft.VisualStudio.QualityTools.Tips.UnitTest.Adapter, Version=10.0.0.0, Culture=neutral, PublicKeyToken=b03f5f7f11d50a3a" className="TestProject1.UnitTest1, TestProject1, Version=1.0.0.0, Culture=neutral, PublicKeyToken=null" name="RefractoringTextParser" />
    </UnitTest>
    <UnitTest name="TestModnWithText" storage="c:\users\magicleap\desktop\pepfragmentiongenerator 2017-12-04\pepfragmentiongenerator\testproject1\bin\debug\testproject1.dll" id="01cb3754-85ef-de85-c558-307a6f4af7e6">
      <Execution id="783e53b6-e18a-4378-8c8f-4d50192c5108" />
      <TestMethod codeBase="C:/Users/magicleap/Desktop/PepFragmentIonGenerator 2017-12-04/PepFragmentIonGenerator/TestProject1/bin/Debug/TestProject1.DLL" adapterTypeName="Microsoft.VisualStudio.TestTools.TestTypes.Unit.UnitTestAdapter, Microsoft.VisualStudio.QualityTools.Tips.UnitTest.Adapter, Version=10.0.0.0, Culture=neutral, PublicKeyToken=b03f5f7f11d50a3a" className="TestProject1.UnitTest1, TestProject1, Version=1.0.0.0, Culture=neutral, PublicKeyToken=null" name="TestModnWithText" />
    </UnitTest>
    <UnitTest name="InitiateNumMod" storage="c:\users\magicleap\desktop\pepfragmentiongenerator 2017-12-04\pepfragmentiongenerator\testproject1\bin\debug\testproject1.dll" id="df5fa9ef-4d26-8455-d096-4e68827fecfb">
      <Execution id="6d7f99b4-5885-4afc-893f-f2ef8cb7c7bb" />
      <TestMethod codeBase="C:/Users/magicleap/Desktop/PepFragmentIonGenerator 2017-12-04/PepFragmentIonGenerator/TestProject1/bin/Debug/TestProject1.DLL" adapterTypeName="Microsoft.VisualStudio.TestTools.TestTypes.Unit.UnitTestAdapter, Microsoft.VisualStudio.QualityTools.Tips.UnitTest.Adapter, Version=10.0.0.0, Culture=neutral, PublicKeyToken=b03f5f7f11d50a3a" className="TestProject1.UnitTest1, TestProject1, Version=1.0.0.0, Culture=neutral, PublicKeyToken=null" name="InitiateNumMod" />
    </UnitTest>
    <UnitTest name="GetModification" storage="c:\users\magicleap\desktop\pepfragmentiongenerator 2017-12-04\pepfragmentiongenerator\testproject1\bin\debug\testproject1.dll" id="1fc7d2db-230e-a205-77c4-36df52d26c74">
      <Execution id="5705b877-417a-41b4-9661-ef80d5bc2d8d" />
      <TestMethod codeBase="C:/Users/magicleap/Desktop/PepFragmentIonGenerator 2017-12-04/PepFragmentIonGenerator/TestProject1/bin/Debug/TestProject1.DLL" adapterTypeName="Microsoft.VisualStudio.TestTools.TestTypes.Unit.UnitTestAdapter, Microsoft.VisualStudio.QualityTools.Tips.UnitTest.Adapter, Version=10.0.0.0, Culture=neutral, PublicKeyToken=b03f5f7f11d50a3a" className="TestProject1.UnitTest1, TestProject1, Version=1.0.0.0, Culture=neutral, PublicKeyToken=null" name="GetModification" />
    </UnitTest>
  </TestDefinitions>
  <TestLists>
    <TestList name="Results Not in a List" id="8c84fa94-04c1-424b-9868-57a2d4851a1d" />
    <TestList name="All Loaded Results" id="19431567-8539-422a-85d7-44ee4e166bda" />
  </TestLists>
  <TestEntries>
    <TestEntry testId="01cb3754-85ef-de85-c558-307a6f4af7e6" executionId="783e53b6-e18a-4378-8c8f-4d50192c5108" testListId="8c84fa94-04c1-424b-9868-57a2d4851a1d" />
    <TestEntry testId="1fc7d2db-230e-a205-77c4-36df52d26c74" executionId="5705b877-417a-41b4-9661-ef80d5bc2d8d" testListId="8c84fa94-04c1-424b-9868-57a2d4851a1d" />
    <TestEntry testId="71ca4d67-51d6-196d-41cd-0626d29a2548" executionId="538cc683-adb5-4a6c-89b4-33005c279a11" testListId="8c84fa94-04c1-424b-9868-57a2d4851a1d" />
    <TestEntry testId="766f967e-cd62-c9c3-c250-d575d5115db6" executionId="d29e9ac0-9ff2-4bdd-b0e0-89cf07017708" testListId="8c84fa94-04c1-424b-9868-57a2d4851a1d" />
    <TestEntry testId="beafb084-8735-a82d-4bd9-9d531f023de9" executionId="38853b65-672b-476d-a496-2c16460aae73" testListId="8c84fa94-04c1-424b-9868-57a2d4851a1d" />
    <TestEntry testId="c15e4676-c5ee-db06-acf3-8d37258c7a4c" executionId="3be8fe45-4fd7-42f8-b968-a3527f7bba97" testListId="8c84fa94-04c1-424b-9868-57a2d4851a1d" />
    <TestEntry testId="df5fa9ef-4d26-8455-d096-4e68827fecfb" executionId="6d7f99b4-5885-4afc-893f-f2ef8cb7c7bb" testListId="8c84fa94-04c1-424b-9868-57a2d4851a1d" />
    <TestEntry testId="f9a0c639-a890-d9ce-99dc-166ae0a28892" executionId="e0ea3853-0ad8-4f53-85a3-2089d886e041" testListId="8c84fa94-04c1-424b-9868-57a2d4851a1d" />
  </TestEntries>
  <Results>
    <UnitTestResult executionId="783e53b6-e18a-4378-8c8f-4d50192c5108" testId="01cb3754-85ef-de85-c558-307a6f4af7e6" testName="TestModnWithText" computerName="IASL-MAGICLEAP" duration="00:00:00.0240427" startTime="2017-12-14T14:48:46.8156085+08:00" endTime="2017-12-14T14:48:46.9827289+08:00" testType="13cdc9d9-ddb5-4fa4-a97d-d965ccfc6d4b" outcome="Failed" testListId="8c84fa94-04c1-424b-9868-57a2d4851a1d" relativeResultsDirectory="783e53b6-e18a-4378-8c8f-4d50192c5108">
      <Output>
        <ErrorInfo>
          <Message>Test method TestProject1.UnitTest1.TestModnWithText threw exception: 
System.IO.FileNotFoundException: 找不到檔案 'C:\Users\magicleap\Desktop\PepFragmentIonGenerator 2017-12-04\PepFragmentIonGenerator\TestProject1\bin\Debug\PeptideAnnotation.xml'。</Message>
          <StackTrace>    於 System.IO.__Error.WinIOError(Int32 errorCode, String maybeFullPath)
   於 System.IO.FileStream.Init(String path, FileMode mode, FileAccess access, Int32 rights, Boolean useRights, FileShare share, Int32 bufferSize, FileOptions options, SECURITY_ATTRIBUTES secAttrs, String msgPath, Boolean bFromProxy, Boolean useLongPath, Boolean checkHost)
   於 System.IO.FileStream..ctor(String path, FileMode mode, FileAccess access, FileShare share, Int32 bufferSize)
   於 System.Xml.XmlDownloadManager.GetStream(Uri uri, ICredentials credentials, IWebProxy proxy, RequestCachePolicy cachePolicy)
   於 System.Xml.XmlUrlResolver.GetEntity(Uri absoluteUri, String role, Type ofObjectToReturn)
   於 System.Xml.XmlTextReaderImpl.OpenUrlDelegate(Object xmlResolver)
   於 System.Threading.CompressedStack.runTryCode(Object userData)
   於 System.Runtime.CompilerServices.RuntimeHelpers.ExecuteCodeWithGuaranteedCleanup(TryCode code, CleanupCode backoutCode, Object userData)
   於 System.Threading.CompressedStack.Run(CompressedStack compressedStack, ContextCallback callback, Object state)
   於 System.Xml.XmlTextReaderImpl.OpenUrl()
   於 System.Xml.XmlTextReaderImpl.Read()
   於 System.Xml.XmlLoader.Load(XmlDocument doc, XmlReader reader, Boolean preserveWhitespace)
   於 System.Xml.XmlDocument.Load(XmlReader reader)
   於 System.Xml.XmlDocument.Load(String filename)
   於 PepFragmentIonGenerator.GetFragments.modGenerator(String xmlAnnotation) 於 C:\Users\magicleap\Desktop\PepFragmentIonGenerator 2017-12-04\PepFragmentIonGenerator\GetFragments.cs: 行 291
   於 PepFragmentIonGenerator.GetFragments.GetFragments_AAStr_Mod(String pepSeq, Boolean b_CreatNeutralLossPeak, String PeptideAnnotationFile) 於 C:\Users\magicleap\Desktop\PepFragmentIonGenerator 2017-12-04\PepFragmentIonGenerator\GetFragments.cs: 行 38
   於 TestProject1.UnitTest1.TestModnWithText() 於 C:\Users\magicleap\Desktop\PepFragmentIonGenerator 2017-12-04\PepFragmentIonGenerator\TestProject1\UnitTest1.cs: 行 55
</StackTrace>
        </ErrorInfo>
      </Output>
    </UnitTestResult>
    <UnitTestResult executionId="5705b877-417a-41b4-9661-ef80d5bc2d8d" testId="1fc7d2db-230e-a205-77c4-36df52d26c74" testName="GetModification" computerName="IASL-MAGICLEAP" duration="00:00:00.0016088" startTime="2017-12-14T14:48:46.9837302+08:00" endTime="2017-12-14T14:48:46.9877334+08:00" testType="13cdc9d9-ddb5-4fa4-a97d-d965ccfc6d4b" outcome="Failed" testListId="8c84fa94-04c1-424b-9868-57a2d4851a1d" relativeResultsDirectory="5705b877-417a-41b4-9661-ef80d5bc2d8d">
      <Output>
        <ErrorInfo>
          <Message>Test method TestProject1.UnitTest1.GetModification threw exception: 
System.IO.FileNotFoundException: 找不到檔案 'C:\Users\magicleap\Desktop\PepFragmentIonGenerator 2017-12-04\PepFragmentIonGenerator\TestProject1\bin\Debug\PeptideAnnotation.xml'。</Message>
          <StackTrace>    於 System.IO.__Error.WinIOError(Int32 errorCode, String maybeFullPath)
   於 System.IO.FileStream.Init(String path, FileMode mode, FileAccess access, Int32 rights, Boolean useRights, FileShare share, Int32 bufferSize, FileOptions options, SECURITY_ATTRIBUTES secAttrs, String msgPath, Boolean bFromProxy, Boolean useLongPath, Boolean checkHost)
   於 System.IO.FileStream..ctor(String path, FileMode mode, FileAccess access, FileShare share, Int32 bufferSize)
   於 System.Xml.XmlDownloadManager.GetStream(Uri uri, ICredentials credentials, IWebProxy proxy, RequestCachePolicy cachePolicy)
   於 System.Xml.XmlUrlResolver.GetEntity(Uri absoluteUri, String role, Type ofObjectToReturn)
   於 System.Xml.XmlTextReaderImpl.OpenUrlDelegate(Object xmlResolver)
   於 System.Threading.CompressedStack.runTryCode(Object userData)
   於 System.Runtime.CompilerServices.RuntimeHelpers.ExecuteCodeWithGuaranteedCleanup(TryCode code, CleanupCode backoutCode, Object userData)
   於 System.Threading.CompressedStack.Run(CompressedStack compressedStack, ContextCallback callback, Object state)
   於 System.Xml.XmlTextReaderImpl.OpenUrl()
   於 System.Xml.XmlTextReaderImpl.Read()
   於 System.Xml.XmlLoader.Load(XmlDocument doc, XmlReader reader, Boolean preserveWhitespace)
   於 System.Xml.XmlDocument.Load(XmlReader reader)
   於 System.Xml.XmlDocument.Load(String filename)
   於 PepFragmentIonGenerator.GetFragments.modGenerator(String xmlAnnotation) 於 C:\Users\magicleap\Desktop\PepFragmentIonGenerator 2017-12-04\PepFragmentIonGenerator\GetFragments.cs: 行 291
   於 PepFragmentIonGenerator.GetFragments.GetFragments_AAStr_Mod(String pepSeq, Boolean b_CreatNeutralLossPeak, String PeptideAnnotationFile) 於 C:\Users\magicleap\Desktop\PepFragmentIonGenerator 2017-12-04\PepFragmentIonGenerator\GetFragments.cs: 行 38
   於 TestProject1.UnitTest1.GetModification() 於 C:\Users\magicleap\Desktop\PepFragmentIonGenerator 2017-12-04\PepFragmentIonGenerator\TestProject1\UnitTest1.cs: 行 192
</StackTrace>
        </ErrorInfo>
      </Output>
    </UnitTestResult>
    <UnitTestResult executionId="538cc683-adb5-4a6c-89b4-33005c279a11" testId="71ca4d67-51d6-196d-41cd-0626d29a2548" testName="TestGetFragmentatWithOutMod" computerName="IASL-MAGICLEAP" duration="00:00:00.0019458" startTime="2017-12-14T14:48:46.9887336+08:00" endTime="2017-12-14T14:48:46.9927371+08:00" testType="13cdc9d9-ddb5-4fa4-a97d-d965ccfc6d4b" outcome="Failed" testListId="8c84fa94-04c1-424b-9868-57a2d4851a1d" relativeResultsDirectory="538cc683-adb5-4a6c-89b4-33005c279a11">
      <Output>
        <ErrorInfo>
          <Message>Test method TestProject1.UnitTest1.TestGetFragmentatWithOutMod threw exception: 
System.IO.FileNotFoundException: 找不到檔案 'C:\Users\magicleap\Desktop\PepFragmentIonGenerator 2017-12-04\PepFragmentIonGenerator\TestProject1\bin\Debug\PeptideAnnotation.xml'。</Message>
          <StackTrace>    於 System.IO.__Error.WinIOError(Int32 errorCode, String maybeFullPath)
   於 System.IO.FileStream.Init(String path, FileMode mode, FileAccess access, Int32 rights, Boolean useRights, FileShare share, Int32 bufferSize, FileOptions options, SECURITY_ATTRIBUTES secAttrs, String msgPath, Boolean bFromProxy, Boolean useLongPath, Boolean checkHost)
   於 System.IO.FileStream..ctor(String path, FileMode mode, FileAccess access, FileShare share, Int32 bufferSize)
   於 System.Xml.XmlDownloadManager.GetStream(Uri uri, ICredentials credentials, IWebProxy proxy, RequestCachePolicy cachePolicy)
   於 System.Xml.XmlUrlResolver.GetEntity(Uri absoluteUri, String role, Type ofObjectToReturn)
   於 System.Xml.XmlTextReaderImpl.OpenUrlDelegate(Object xmlResolver)
   於 System.Threading.CompressedStack.runTryCode(Object userData)
   於 System.Runtime.CompilerServices.RuntimeHelpers.ExecuteCodeWithGuaranteedCleanup(TryCode code, CleanupCode backoutCode, Object userData)
   於 System.Threading.CompressedStack.Run(CompressedStack compressedStack, ContextCallback callback, Object state)
   於 System.Xml.XmlTextReaderImpl.OpenUrl()
   於 System.Xml.XmlTextReaderImpl.Read()
   於 System.Xml.XmlLoader.Load(XmlDocument doc, XmlReader reader, Boolean preserveWhitespace)
   於 System.Xml.XmlDocument.Load(XmlReader reader)
   於 System.Xml.XmlDocument.Load(String filename)
   於 PepFragmentIonGenerator.GetFragments.modGenerator(String xmlAnnotation) 於 C:\Users\magicleap\Desktop\PepFragmentIonGenerator 2017-12-04\PepFragmentIonGenerator\GetFragments.cs: 行 291
   於 PepFragmentIonGenerator.GetFragments.GetFragments_AAStr_Mod(String pepSeq, Boolean b_CreatNeutralLossPeak, String PeptideAnnotationFile) 於 C:\Users\magicleap\Desktop\PepFragmentIonGenerator 2017-12-04\PepFragmentIonGenerator\GetFragments.cs: 行 38
   於 TestProject1.UnitTest1.TestGetFragmentatWithOutMod() 於 C:\Users\magicleap\Desktop\PepFragmentIonGenerator 2017-12-04\PepFragmentIonGenerator\TestProject1\UnitTest1.cs: 行 34
</StackTrace>
        </ErrorInfo>
      </Output>
    </UnitTestResult>
    <UnitTestResult executionId="d29e9ac0-9ff2-4bdd-b0e0-89cf07017708" testId="766f967e-cd62-c9c3-c250-d575d5115db6" testName="TestRegex" computerName="IASL-MAGICLEAP" duration="00:00:00.0002366" startTime="2017-12-14T14:48:46.9937372+08:00" endTime="2017-12-14T14:48:46.9967394+08:00" testType="13cdc9d9-ddb5-4fa4-a97d-d965ccfc6d4b" outcome="Passed" testListId="8c84fa94-04c1-424b-9868-57a2d4851a1d" relativeResultsDirectory="d29e9ac0-9ff2-4bdd-b0e0-89cf07017708">
    </UnitTestResult>
    <UnitTestResult executionId="38853b65-672b-476d-a496-2c16460aae73" testId="beafb084-8735-a82d-4bd9-9d531f023de9" testName="RefractoringTextParser" computerName="IASL-MAGICLEAP" duration="00:00:00.0015743" startTime="2017-12-14T14:48:46.9977404+08:00" endTime="2017-12-14T14:48:47.0017431+08:00" testType="13cdc9d9-ddb5-4fa4-a97d-d965ccfc6d4b" outcome="Failed" testListId="8c84fa94-04c1-424b-9868-57a2d4851a1d" relativeResultsDirectory="38853b65-672b-476d-a496-2c16460aae73">
      <Output>
        <ErrorInfo>
          <Message>Test method TestProject1.UnitTest1.RefractoringTextParser threw exception: 
System.IO.FileNotFoundException: 找不到檔案 'C:\Users\magicleap\Desktop\PepFragmentIonGenerator 2017-12-04\PepFragmentIonGenerator\TestProject1\bin\Debug\PeptideAnnotation.xml'。</Message>
          <StackTrace>    於 System.IO.__Error.WinIOError(Int32 errorCode, String maybeFullPath)
   於 System.IO.FileStream.Init(String path, FileMode mode, FileAccess access, Int32 rights, Boolean useRights, FileShare share, Int32 bufferSize, FileOptions options, SECURITY_ATTRIBUTES secAttrs, String msgPath, Boolean bFromProxy, Boolean useLongPath, Boolean checkHost)
   於 System.IO.FileStream..ctor(String path, FileMode mode, FileAccess access, FileShare share, Int32 bufferSize)
   於 System.Xml.XmlDownloadManager.GetStream(Uri uri, ICredentials credentials, IWebProxy proxy, RequestCachePolicy cachePolicy)
   於 System.Xml.XmlUrlResolver.GetEntity(Uri absoluteUri, String role, Type ofObjectToReturn)
   於 System.Xml.XmlTextReaderImpl.OpenUrlDelegate(Object xmlResolver)
   於 System.Threading.CompressedStack.runTryCode(Object userData)
   於 System.Runtime.CompilerServices.RuntimeHelpers.ExecuteCodeWithGuaranteedCleanup(TryCode code, CleanupCode backoutCode, Object userData)
   於 System.Threading.CompressedStack.Run(CompressedStack compressedStack, ContextCallback callback, Object state)
   於 System.Xml.XmlTextReaderImpl.OpenUrl()
   於 System.Xml.XmlTextReaderImpl.Read()
   於 System.Xml.XmlLoader.Load(XmlDocument doc, XmlReader reader, Boolean preserveWhitespace)
   於 System.Xml.XmlDocument.Load(XmlReader reader)
   於 System.Xml.XmlDocument.Load(String filename)
   於 PepFragmentIonGenerator.GetFragments.modGenerator(String xmlAnnotation) 於 C:\Users\magicleap\Desktop\PepFragmentIonGenerator 2017-12-04\PepFragmentIonGenerator\GetFragments.cs: 行 291
   於 PepFragmentIonGenerator.GetFragments.GetFragments_AAStr_Mod(String pepSeq, Boolean b_CreatNeutralLossPeak, String PeptideAnnotationFile) 於 C:\Users\magicleap\Desktop\PepFragmentIonGenerator 2017-12-04\PepFragmentIonGenerator\GetFragments.cs: 行 38
   於 TestProject1.UnitTest1.RefractoringTextParser() 於 C:\Users\magicleap\Desktop\PepFragmentIonGenerator 2017-12-04\PepFragmentIonGenerator\TestProject1\UnitTest1.cs: 行 77
</StackTrace>
        </ErrorInfo>
      </Output>
    </UnitTestResult>
    <UnitTestResult executionId="3be8fe45-4fd7-42f8-b968-a3527f7bba97" testId="c15e4676-c5ee-db06-acf3-8d37258c7a4c" testName="GetModificationLi" computerName="IASL-MAGICLEAP" duration="00:00:00.0002004" startTime="2017-12-14T14:48:47.0027441+08:00" endTime="2017-12-14T14:48:47.0047453+08:00" testType="13cdc9d9-ddb5-4fa4-a97d-d965ccfc6d4b" outcome="Passed" testListId="8c84fa94-04c1-424b-9868-57a2d4851a1d" relativeResultsDirectory="3be8fe45-4fd7-42f8-b968-a3527f7bba97">
    </UnitTestResult>
    <UnitTestResult executionId="6d7f99b4-5885-4afc-893f-f2ef8cb7c7bb" testId="df5fa9ef-4d26-8455-d096-4e68827fecfb" testName="InitiateNumMod" computerName="IASL-MAGICLEAP" duration="00:00:00.0015677" startTime="2017-12-14T14:48:47.0057460+08:00" endTime="2017-12-14T14:48:47.0097489+08:00" testType="13cdc9d9-ddb5-4fa4-a97d-d965ccfc6d4b" outcome="Failed" testListId="8c84fa94-04c1-424b-9868-57a2d4851a1d" relativeResultsDirectory="6d7f99b4-5885-4afc-893f-f2ef8cb7c7bb">
      <Output>
        <ErrorInfo>
          <Message>Test method TestProject1.UnitTest1.InitiateNumMod threw exception: 
System.IO.FileNotFoundException: 找不到檔案 'C:\Users\magicleap\Desktop\PepFragmentIonGenerator 2017-12-04\PepFragmentIonGenerator\TestProject1\bin\Debug\PeptideAnnotation.xml'。</Message>
          <StackTrace>    於 System.IO.__Error.WinIOError(Int32 errorCode, String maybeFullPath)
   於 System.IO.FileStream.Init(String path, FileMode mode, FileAccess access, Int32 rights, Boolean useRights, FileShare share, Int32 bufferSize, FileOptions options, SECURITY_ATTRIBUTES secAttrs, String msgPath, Boolean bFromProxy, Boolean useLongPath, Boolean checkHost)
   於 System.IO.FileStream..ctor(String path, FileMode mode, FileAccess access, FileShare share, Int32 bufferSize)
   於 System.Xml.XmlDownloadManager.GetStream(Uri uri, ICredentials credentials, IWebProxy proxy, RequestCachePolicy cachePolicy)
   於 System.Xml.XmlUrlResolver.GetEntity(Uri absoluteUri, String role, Type ofObjectToReturn)
   於 System.Xml.XmlTextReaderImpl.OpenUrlDelegate(Object xmlResolver)
   於 System.Threading.CompressedStack.runTryCode(Object userData)
   於 System.Runtime.CompilerServices.RuntimeHelpers.ExecuteCodeWithGuaranteedCleanup(TryCode code, CleanupCode backoutCode, Object userData)
   於 System.Threading.CompressedStack.Run(CompressedStack compressedStack, ContextCallback callback, Object state)
   於 System.Xml.XmlTextReaderImpl.OpenUrl()
   於 System.Xml.XmlTextReaderImpl.Read()
   於 System.Xml.XmlLoader.Load(XmlDocument doc, XmlReader reader, Boolean preserveWhitespace)
   於 System.Xml.XmlDocument.Load(XmlReader reader)
   於 System.Xml.XmlDocument.Load(String filename)
   於 PepFragmentIonGenerator.GetFragments.modGenerator(String xmlAnnotation) 於 C:\Users\magicleap\Desktop\PepFragmentIonGenerator 2017-12-04\PepFragmentIonGenerator\GetFragments.cs: 行 291
   於 PepFragmentIonGenerator.GetFragments.GetFragments_AAStr_Mod(String pepSeq, Boolean b_CreatNeutralLossPeak, String PeptideAnnotationFile) 於 C:\Users\magicleap\Desktop\PepFragmentIonGenerator 2017-12-04\PepFragmentIonGenerator\GetFragments.cs: 行 38
   於 TestProject1.UnitTest1.InitiateNumMod() 於 C:\Users\magicleap\Desktop\PepFragmentIonGenerator 2017-12-04\PepFragmentIonGenerator\TestProject1\UnitTest1.cs: 行 161
</StackTrace>
        </ErrorInfo>
      </Output>
    </UnitTestResult>
    <UnitTestResult executionId="e0ea3853-0ad8-4f53-85a3-2089d886e041" testId="f9a0c639-a890-d9ce-99dc-166ae0a28892" testName="CheckModification" computerName="IASL-MAGICLEAP" duration="00:00:00.0003558" startTime="2017-12-14T14:48:47.0107499+08:00" endTime="2017-12-14T14:48:47.0127511+08:00" testType="13cdc9d9-ddb5-4fa4-a97d-d965ccfc6d4b" outcome="Passed" testListId="8c84fa94-04c1-424b-9868-57a2d4851a1d" relativeResultsDirectory="e0ea3853-0ad8-4f53-85a3-2089d886e041">
    </UnitTestResult>
  </Results>
</TestRun>